build/intermediates/manifest_merge_blame_file/debug/manifest-merger-blame-debug-report.txt
1<?xml version="1.0" encoding="utf-8"?>
2<manifest xmlns:android="http://schemas.android.com/apk/res/android"
3    package="uk.co.bitethebullet.android.token"
4    android:installLocation="auto"
5    android:versionCode="6"
6    android:versionName="3.0" >
7
8    <uses-sdk
9        android:minSdkVersion="21"
9-->src\main\AndroidManifest.xml
10        android:targetSdkVersion="30" />
10-->src\main\AndroidManifest.xml
11
12    <supports-screens
12-->src\main\AndroidManifest.xml:8:5-12:39
13        android:anyDensity="true"
13-->src\main\AndroidManifest.xml:9:9-34
14        android:largeScreens="true"
14-->src\main\AndroidManifest.xml:10:9-36
15        android:normalScreens="true"
15-->src\main\AndroidManifest.xml:11:9-37
16        android:smallScreens="true" />
16-->src\main\AndroidManifest.xml:12:9-36
17
18    <uses-permission android:name="android.permission.USE_BIOMETRIC" />
18-->src\main\AndroidManifest.xml:14:5-72
18-->src\main\AndroidManifest.xml:14:22-69
19    <uses-permission android:name="android.permission.WRITE_EXTERNAL_STORAGE" />
19-->src\main\AndroidManifest.xml:15:5-81
19-->src\main\AndroidManifest.xml:15:22-78
20    <uses-permission android:name="android.permission.NFC" />
20-->src\main\AndroidManifest.xml:16:5-62
20-->src\main\AndroidManifest.xml:16:22-59
21
22    <uses-feature
22-->src\main\AndroidManifest.xml:17:5-18:35
23        android:name="android.hardware.nfc"
23-->src\main\AndroidManifest.xml:17:19-54
24        android:required="true" />
24-->src\main\AndroidManifest.xml:18:9-32
25
26    <uses-permission android:name="android.permission.USE_FINGERPRINT" />
26-->[androidx.biometric:biometric:1.0.1] AndroidManifest.xml:25:5-74
26-->[androidx.biometric:biometric:1.0.1] AndroidManifest.xml:25:22-71
27    <uses-permission android:name="android.permission.READ_EXTERNAL_STORAGE" />
28
29    <application
29-->src\main\AndroidManifest.xml:21:5-63:23
30        android:appComponentFactory="androidx.core.app.CoreComponentFactory"
30-->[androidx.core:core:1.3.0] AndroidManifest.xml:24:18-86
31        android:debuggable="true"
32        android:icon="@drawable/androidtoken"
32-->src\main\AndroidManifest.xml:22:9-46
33        android:label="@string/app_name"
33-->src\main\AndroidManifest.xml:23:9-41
34        android:theme="@style/Theme.AppCompat.Light" >
34-->src\main\AndroidManifest.xml:24:9-53
35        <activity android:name="uk.co.bitethebullet.android.token.QRCodeActivity" />
35-->src\main\AndroidManifest.xml:25:9-61
35-->src\main\AndroidManifest.xml:25:19-49
36        <activity android:name="uk.co.bitethebullet.android.token.SettingActivity" />
36-->src\main\AndroidManifest.xml:26:9-53
36-->src\main\AndroidManifest.xml:26:19-50
37        <activity
37-->src\main\AndroidManifest.xml:27:9-49:20
38            android:name="uk.co.bitethebullet.android.token.TokenList"
38-->src\main\AndroidManifest.xml:28:13-38
39            android:label="@string/app_name" >
39-->src\main\AndroidManifest.xml:29:13-45
40            <intent-filter>
40-->src\main\AndroidManifest.xml:30:13-34:29
41                <action android:name="android.intent.action.MAIN" />
41-->src\main\AndroidManifest.xml:31:17-69
41-->src\main\AndroidManifest.xml:31:25-66
42
43                <category android:name="android.intent.category.LAUNCHER" />
43-->src\main\AndroidManifest.xml:33:17-77
43-->src\main\AndroidManifest.xml:33:27-74
44            </intent-filter>
45            <intent-filter>
45-->src\main\AndroidManifest.xml:35:13-41:29
46                <action android:name="android.intent.action.VIEW" />
46-->src\main\AndroidManifest.xml:36:17-69
46-->src\main\AndroidManifest.xml:36:25-66
47
48                <category android:name="android.intent.category.DEFAULT" />
48-->src\main\AndroidManifest.xml:38:17-76
48-->src\main\AndroidManifest.xml:38:27-73
49
50                <data android:scheme="otpauth" />
50-->src\main\AndroidManifest.xml:40:17-50
50-->src\main\AndroidManifest.xml:40:23-47
51            </intent-filter>
52            <intent-filter>
52-->src\main\AndroidManifest.xml:43:13-47:29
53                <action android:name="android.nfc.action.NDEF_DISCOVERED" />
53-->src\main\AndroidManifest.xml:44:17-77
53-->src\main\AndroidManifest.xml:44:25-74
54
55                <category android:name="android.intent.category.DEFAULT" />
55-->src\main\AndroidManifest.xml:38:17-76
55-->src\main\AndroidManifest.xml:38:27-73
56
57                <data android:mimeType="application/com.jabil.chamberlain.demo" />
57-->src\main\AndroidManifest.xml:40:17-50
57-->src\main\AndroidManifest.xml:46:23-80
58            </intent-filter>
59        </activity>
60        <activity
60-->src\main\AndroidManifest.xml:50:9-52:52
61            android:name="uk.co.bitethebullet.android.token.TokenAdd"
61-->src\main\AndroidManifest.xml:51:13-37
62            android:label="@string/app_name_add" />
62-->src\main\AndroidManifest.xml:52:13-49
63        <activity
63-->src\main\AndroidManifest.xml:53:9-55:59
64            android:name="uk.co.bitethebullet.android.token.PinChange"
64-->src\main\AndroidManifest.xml:54:13-38
65            android:label="@string/app_name_change_pin" />
65-->src\main\AndroidManifest.xml:55:13-56
66        <activity
66-->src\main\AndroidManifest.xml:56:9-58:48
67            android:name="uk.co.bitethebullet.android.token.PinRemove"
67-->src\main\AndroidManifest.xml:57:13-38
68            android:label="@string/app_name" />
68-->src\main\AndroidManifest.xml:58:13-45
69        <activity
69-->src\main\AndroidManifest.xml:59:9-61:54
70            android:name="uk.co.bitethebullet.android.token.About"
70-->src\main\AndroidManifest.xml:60:13-34
71            android:label="@string/app_name_about" />
71-->src\main\AndroidManifest.xml:61:13-51
72        <activity
72-->[androidx.biometric:biometric:1.0.1] AndroidManifest.xml:28:9-31:67
73            android:name="androidx.biometric.DeviceCredentialHandlerActivity"
73-->[androidx.biometric:biometric:1.0.1] AndroidManifest.xml:29:13-78
74            android:exported="true"
74-->[androidx.biometric:biometric:1.0.1] AndroidManifest.xml:30:13-36
75            android:theme="@style/DeviceCredentialHandlerTheme" />
75-->[androidx.biometric:biometric:1.0.1] AndroidManifest.xml:31:13-64
76    </application>
77
78</manifest>